
Connected to: Oracle Database 10g Enterprise Edition Release 10.1.0.2.0 - Production
With the Partitioning, OLAP and Data Mining options

Export file created by EXPORT:V10.01.00 via conventional path

Warning: the objects were exported by SCMUSER, not by you

import done in WE8MSWIN1252 character set and AL16UTF16 NCHAR character set
. . importing table                    "HARACTION"         38 rows imported
. . importing table           "HARALLCHILDRENPATH"       1447 rows imported
. . importing table                  "HARALLUSERS"         20 rows imported
. . importing table                   "HARAPPROVE"         14 rows imported
. . importing table               "HARAPPROVEHIST"         16 rows imported
. . importing table               "HARAPPROVELIST"         13 rows imported
. . importing table                  "HARASSOCPKG"         16 rows imported
. . importing table                "HARAUDITEVENT"       1327 rows imported
. . importing table     "HARAUDITEVENTDESCRIPTION"       1022 rows imported
. . importing table      "HARAUDITEVENTRESOURCEL1"       1327 rows imported
. . importing table      "HARAUDITEVENTRESOURCEL2"       1116 rows imported
. . importing table      "HARAUDITEVENTRESOURCEL3"        905 rows imported
. . importing table      "HARAUDITEVENTRESOURCEL4"         11 rows imported
. . importing table                    "HARBRANCH"         10 rows imported
. . importing table               "HARCHECKINPROC"         29 rows imported
. . importing table              "HARCHECKOUTPROC"         94 rows imported
. . importing table                   "HARCOMMENT"          2 rows imported
. . importing table                "HARCONMRGPROC"          8 rows imported
. . importing table                 "HARCRPKGPROC"         39 rows imported
. . importing table             "HARCRSENVMRGPROC"          9 rows imported
. . importing table                    "HARDEFECT"          0 rows imported
. . importing table                "HARDELPKGPROC"         30 rows imported
. . importing table               "HARDELVERSPROC"         25 rows imported
. . importing table                "HARDEMOTEPROC"         34 rows imported
. . importing table               "HARENVIRONMENT"         21 rows imported
. . importing table         "HARENVIRONMENTACCESS"         49 rows imported
. . importing table                       "HARESD"          0 rows imported
. . importing table          "HAREXECUTABLEACTION"         38 rows imported
. . importing table             "HARFILEEXTENSION"        441 rows imported
. . importing table                      "HARFORM"         16 rows imported
. . importing table            "HARFORMATTACHMENT"          0 rows imported
. . importing table               "HARFORMHISTORY"         28 rows imported
. . importing table             "HARFORMTEMPLATES"         12 rows imported
. . importing table                  "HARFORMTYPE"         12 rows imported
. . importing table            "HARFORMTYPEACCESS"          0 rows imported
. . importing table              "HARFORMTYPEDEFS"        206 rows imported
. . importing table         "HARGLOBALAUDITPOLICY"         38 rows imported
. . importing table                   "HARHARVEST"          2 rows imported
. . importing table                "HARINTMRGPROC"         11 rows imported
. . importing table                "HARITEMACCESS"       8449 rows imported
. . importing table                  "HARITEMNAME"       5328 rows imported
. . importing table                     "HARITEMS"       8451 rows imported
. . importing table             "HARLINKEDPROCESS"         49 rows imported
. . importing table              "HARLISTDIFFPROC"         30 rows imported
. . importing table              "HARLISTVERSPROC"         54 rows imported
. . importing table              "HARMOVEITEMPROC"         13 rows imported
. . importing table              "HARMOVEPATHPROC"         13 rows imported
. . importing table               "HARMOVEPKGPROC"          7 rows imported
. . importing table                        "HARMR"          0 rows imported
. . importing table                    "HARNOTIFY"         40 rows imported
. . importing table                "HARNOTIFYLIST"         44 rows imported
. . importing table          "HAROBJECTSEQUENCEID"         17 rows imported
. . importing table                "HARONDEMANDCR"          0 rows imported
. . importing table                       "HARPAC"         14 rows imported
. . importing table                   "HARPACKAGE"         23 rows imported
. . importing table              "HARPACKAGEGROUP"          1 rows imported
. . importing table            "HARPACKAGENAMEGEN"          2 rows imported
. . importing table             "HARPACKAGESTATUS"          0 rows imported
. . importing table           "HARPASSWORDHISTORY"          0 rows imported
. . importing table            "HARPASSWORDPOLICY"          1 rows imported
. . importing table              "HARPATHFULLNAME"        368 rows imported
. . importing table                "HARPKGHISTORY"         76 rows imported
. . importing table                "HARPKGSINCMEW"          0 rows imported
. . importing table              "HARPKGSINPKGGRP"          2 rows imported
. . importing table                  "HARPMSTATUS"          7 rows imported
. . importing table             "HARPROBLEMREPORT"          0 rows imported
. . importing table               "HARPROMOTEPROC"         59 rows imported
. . importing table                     "HARQANDA"          0 rows imported
. . importing table               "HARREMITEMPROC"         25 rows imported
. . importing table            "HARREMOVEPATHPROC"         13 rows imported
. . importing table            "HARRENAMEITEMPROC"         24 rows imported
. . importing table            "HARRENAMEPATHPROC"         13 rows imported
. . importing table                 "HARREPINVIEW"         16 rows imported
. . importing table                "HARREPOSITORY"          9 rows imported
. . importing table          "HARREPOSITORYACCESS"          1 rows imported
. . importing table              "HARRESOURCETYPE"         14 rows imported
. . importing table         "HARRESOURCETYPECHILD"         14 rows imported
. . importing table    "HARRESOURCETYPEDESCENDANT"         28 rows imported
. . importing table              "HARSNAPVIEWPROC"         15 rows imported
. . importing table                     "HARSTATE"         90 rows imported
. . importing table               "HARSTATEACCESS"        139 rows imported
. . importing table              "HARSTATEPROCESS"        600 rows imported
. . importing table        "HARSTATEPROCESSACCESS"        764 rows imported
. . importing table             "HARSWITCHPKGPROC"         21 rows imported
. . importing table                 "HARTABLEINFO"          1 rows imported
. . importing table               "HARTESTINGINFO"          0 rows imported
. . importing table                       "HARUDP"         29 rows imported
. . importing table          "HARUSDCOMPUTERNAMES"          0 rows imported
. . importing table             "HARUSDDEPLOYINFO"          0 rows imported
. . importing table             "HARUSDGROUPNAMES"          0 rows imported
. . importing table                "HARUSDHISTORY"          0 rows imported
. . importing table            "HARUSDPACKAGEINFO"          0 rows imported
. . importing table           "HARUSDPACKAGENAMES"          0 rows imported
. . importing table           "HARUSDPLATFORMINFO"          0 rows imported
. . importing table                      "HARUSER"         18 rows imported
. . importing table               "HARUSERCONTACT"          0 rows imported
. . importing table                  "HARUSERDATA"         18 rows imported
. . importing table                 "HARUSERGROUP"         26 rows imported
. . importing table              "HARUSERSINGROUP"         42 rows imported
. . importing table               "HARVERSIONDATA"      25294 rows imported
. . importing table              "HARVERSIONDELTA"          0 rows imported
. . importing table             "HARVERSIONINVIEW"      26677 rows imported
. . importing table                  "HARVERSIONS"      25694 rows imported
. . importing table           "HARVERSIONTRACKING"         22 rows imported
. . importing table                      "HARVIEW"         85 rows imported
About to enable constraints...
Import terminated successfully without warnings.
