Recording directories in P:\VCS\IPT\OCX\WGLOBCMD...
Processing 0 directories outputting to NOTTIP.OUT...
Processing  P:\VCS\IPT\OCX\WGLOBCMD
NOTTIP complete.
Recording directories in Q:\VCS...
Processing 316 directories outputting to NOTTIP.OUT...
Processing  Q:\VCS
Processing  Q:\VCS\BIN
Processing  Q:\VCS\CC
Processing  Q:\VCS\CHANGES
Processing  Q:\VCS\COMMON
Processing  Q:\VCS\DOWNLOAD
Processing  Q:\VCS\DRIVERS
Processing  Q:\VCS\IPT
Processing  Q:\VCS\MAPFILES
Processing  Q:\VCS\MISC
Processing  Q:\VCS\MSDV
Processing  Q:\VCS\MSTRPRJC.PRJ
Processing  Q:\VCS\MSVC
Processing  Q:\VCS\NTSECURITY
Processing  Q:\VCS\SC
Processing  Q:\VCS\SWSN
Processing  Q:\VCS\TEST
Processing  Q:\VCS\WAYNE.NET
Processing  Q:\VCS\BIN\CLEANDB
Processing  Q:\VCS\BIN\SCRUBDB
Processing  Q:\VCS\CC\SYS
Processing  Q:\VCS\CC\TCOM
Processing  Q:\VCS\CC\UTIL
Processing  Q:\VCS\CC\WLIB
Processing  Q:\VCS\CC\SYS\TEST
Processing  Q:\VCS\COMMON\CHS
Processing  Q:\VCS\COMMON\CLEANDB
Processing  Q:\VCS\COMMON\DATABASE
Processing  Q:\VCS\COMMON\ECR
Processing  Q:\VCS\COMMON\EXECSQL
Processing  Q:\VCS\COMMON\FDD
Processing  Q:\VCS\COMMON\HST
Processing  Q:\VCS\COMMON\NUCBAK
Processing  Q:\VCS\COMMON\NUCSTART
Processing  Q:\VCS\COMMON\PWDGEN
Processing  Q:\VCS\COMMON\RPT
Processing  Q:\VCS\COMMON\SCRUBDB
Processing  Q:\VCS\COMMON\SYS
Processing  Q:\VCS\COMMON\TCOM
Processing  Q:\VCS\COMMON\TERM
Processing  Q:\VCS\COMMON\TRNSDATA
Processing  Q:\VCS\COMMON\UI
Processing  Q:\VCS\COMMON\UTIL
Processing  Q:\VCS\COMMON\WAYNEINIT
Processing  Q:\VCS\COMMON\WINOBJECT
Processing  Q:\VCS\COMMON\WP2NUC
Processing  Q:\VCS\COMMON\WPUTIL
Processing  Q:\VCS\COMMON\WSTARTUP
Processing  Q:\VCS\COMMON\CHS\OLD
Processing  Q:\VCS\COMMON\CHS\TEST
Processing  Q:\VCS\COMMON\DATABASE\WDBUOCX
Processing  Q:\VCS\COMMON\ECR\TEST
Processing  Q:\VCS\COMMON\FDD\TEST
Processing  Q:\VCS\COMMON\HST\TEST
Processing  Q:\VCS\COMMON\NUCBAK\RES
Processing  Q:\VCS\COMMON\NUCSTART\DEBUG
Processing  Q:\VCS\COMMON\NUCSTART\RELEASE
Processing  Q:\VCS\COMMON\NUCSTART\RES
Processing  Q:\VCS\COMMON\RPT\RPTEXAMP
Processing  Q:\VCS\COMMON\SYS\TEST
Processing  Q:\VCS\COMMON\TCOM\TEST
Processing  Q:\VCS\COMMON\TERM\DEAD
Processing  Q:\VCS\COMMON\TERM\TEST
Processing  Q:\VCS\COMMON\UI\TEST
Processing  Q:\VCS\COMMON\WINOBJECT\DEBUG
Processing  Q:\VCS\COMMON\WINOBJECT\RELEASE
Processing  Q:\VCS\COMMON\WINOBJECT\RES
Processing  Q:\VCS\COMMON\WPUTIL\TEST
Processing  Q:\VCS\COMMON\WSTARTUP\OCXWSTRT
Processing  Q:\VCS\DOWNLOAD\DOWNLOAD
Processing  Q:\VCS\DOWNLOAD\PROCDL
Processing  Q:\VCS\DOWNLOAD\SATXDL
Processing  Q:\VCS\DRIVERS\CCBOARD
Processing  Q:\VCS\DRIVERS\COMMON
Processing  Q:\VCS\DRIVERS\IPTDEV
Processing  Q:\VCS\DRIVERS\UPS
Processing  Q:\VCS\IPT\CHS
Processing  Q:\VCS\IPT\COMMON
Processing  Q:\VCS\IPT\DLLRES
Processing  Q:\VCS\IPT\ECR
Processing  Q:\VCS\IPT\FDD
Processing  Q:\VCS\IPT\GRAPHICS
Processing  Q:\VCS\IPT\HELP
Processing  Q:\VCS\IPT\MONITOR
Processing  Q:\VCS\IPT\OCX
Processing  Q:\VCS\IPT\PROG
Processing  Q:\VCS\IPT\SVR
Processing  Q:\VCS\IPT\SWTCHBRD
Processing  Q:\VCS\IPT\SYS
Processing  Q:\VCS\IPT\TERM
Processing  Q:\VCS\IPT\UI
Processing  Q:\VCS\IPT\UTIL
Processing  Q:\VCS\IPT\VBCOMMON
Processing  Q:\VCS\IPT\VIEW
Processing  Q:\VCS\IPT\CHS\TEST
Processing  Q:\VCS\IPT\DLLRES\RESVBSWITCH
Processing  Q:\VCS\IPT\ECR\TEST
Processing  Q:\VCS\IPT\FDD\TEST
Processing  Q:\VCS\IPT\GRAPHICS\BLANKBUTTONS
Processing  Q:\VCS\IPT\GRAPHICS\BORDERS
Processing  Q:\VCS\IPT\GRAPHICS\FPV
Processing  Q:\VCS\IPT\GRAPHICS\FTBACKGROUNDS
Processing  Q:\VCS\IPT\GRAPHICS\FTSTATESSTRIPPED
Processing  Q:\VCS\IPT\GRAPHICS\HELP
Processing  Q:\VCS\IPT\GRAPHICS\NEWDESIGNSPEC
Processing  Q:\VCS\IPT\GRAPHICS\OTHER
Processing  Q:\VCS\IPT\GRAPHICS\PUMPFRAMES
Processing  Q:\VCS\IPT\GRAPHICS\PUMPSTATESSTRIPPED
Processing  Q:\VCS\IPT\GRAPHICS\SCRATCHPAD
Processing  Q:\VCS\IPT\GRAPHICS\SPECIALBUTTONS
Processing  Q:\VCS\IPT\GRAPHICS\TASKBAR
Processing  Q:\VCS\IPT\GRAPHICS\WAYNETSAPP
Processing  Q:\VCS\IPT\GRAPHICS\TASKBAR\NEW
Processing  Q:\VCS\IPT\MONITOR\RES
Processing  Q:\VCS\IPT\OCX\BITVLIST
Processing  Q:\VCS\IPT\OCX\CHKNREVS
Processing  Q:\VCS\IPT\OCX\COMMON
Processing  Q:\VCS\IPT\OCX\ENTVIEW
Processing  Q:\VCS\IPT\OCX\FUELPNTV
Processing  Q:\VCS\IPT\OCX\KBDBASE
Processing  Q:\VCS\IPT\OCX\LOGOCX
Processing  Q:\VCS\IPT\OCX\MAPLIST
Processing  Q:\VCS\IPT\OCX\OCXAUTH
Processing  Q:\VCS\IPT\OCX\OCXCHS
Processing  Q:\VCS\IPT\OCX\OCXCHSCL
Processing  Q:\VCS\IPT\OCX\OCXDRVR
Processing  Q:\VCS\IPT\OCX\OCXECR
Processing  Q:\VCS\IPT\OCX\OCXECRCL
Processing  Q:\VCS\IPT\OCX\OCXECRVW
Processing  Q:\VCS\IPT\OCX\OCXKB
Processing  Q:\VCS\IPT\OCX\OCXPC
Processing  Q:\VCS\IPT\OCX\OCXRP
Processing  Q:\VCS\IPT\OCX\OCXSYS
Processing  Q:\VCS\IPT\OCX\PREHHOOK
Processing  Q:\VCS\IPT\OCX\RECVIEW
Processing  Q:\VCS\IPT\OCX\SYSPROG
Processing  Q:\VCS\IPT\OCX\TSCARDV
Processing  Q:\VCS\IPT\OCX\WAMOUNT
Processing  Q:\VCS\IPT\OCX\WAYNEFPV
Processing  Q:\VCS\IPT\OCX\WAYNEPIW
Processing  Q:\VCS\IPT\OCX\WAYNEPWD
Processing  Q:\VCS\IPT\OCX\WBASEOPS
Processing  Q:\VCS\IPT\OCX\WCARDVW
Processing  Q:\VCS\IPT\OCX\WCHKBOX
Processing  Q:\VCS\IPT\OCX\WCOMBO
Processing  Q:\VCS\IPT\OCX\WGLOBCMD
Processing  Q:\VCS\IPT\OCX\WPERCENT
Processing  Q:\VCS\IPT\OCX\WQUANT
Processing  Q:\VCS\IPT\OCX\WSALESLG
Processing  Q:\VCS\IPT\OCX\WSECLVL
Processing  Q:\VCS\IPT\OCX\WSTDDLG
Processing  Q:\VCS\IPT\OCX\WTAXLIST
Processing  Q:\VCS\IPT\OCX\WTEXTBOX
Processing  Q:\VCS\IPT\OCX\WTIME
Processing  Q:\VCS\IPT\OCX\WTNDLIST
Processing  Q:\VCS\IPT\OCX\WTSAXSVR
Processing  Q:\VCS\IPT\OCX\WTSCARDV
Processing  Q:\VCS\IPT\OCX\WTSFPV
Processing  Q:\VCS\IPT\OCX\WTSGB
Processing  Q:\VCS\IPT\OCX\WTSGRIMG
Processing  Q:\VCS\IPT\OCX\WTSHELP
Processing  Q:\VCS\IPT\OCX\WTSKEYPD
Processing  Q:\VCS\IPT\OCX\WTSMSGA
Processing  Q:\VCS\IPT\OCX\WTSMSVR
Processing  Q:\VCS\IPT\OCX\WTSNKP
Processing  Q:\VCS\IPT\OCX\WTSPFRM
Processing  Q:\VCS\IPT\OCX\WTSPIMG
Processing  Q:\VCS\IPT\OCX\WTSPIW
Processing  Q:\VCS\IPT\OCX\WTSQSRMODPAD
Processing  Q:\VCS\IPT\OCX\WTSQSRMU
Processing  Q:\VCS\IPT\OCX\WTSQWERT
Processing  Q:\VCS\IPT\OCX\WTSRCPT
Processing  Q:\VCS\IPT\OCX\WTSSBAR
Processing  Q:\VCS\IPT\OCX\WTSSDIA
Processing  Q:\VCS\IPT\OCX\WTSSPAD
Processing  Q:\VCS\IPT\OCX\WTSTASKB
Processing  Q:\VCS\IPT\OCX\XFPVPIW
Processing  Q:\VCS\IPT\OCX\FUELPNTV\GRAPHICS
Processing  Q:\VCS\IPT\OCX\FUELPNTV\TEST
Processing  Q:\VCS\IPT\OCX\OCXDRVR\RES
Processing  Q:\VCS\IPT\OCX\PREHHOOK\TEST
Processing  Q:\VCS\IPT\OCX\WAYNEFPV\SAVE
Processing  Q:\VCS\IPT\OCX\WBASEOPS\TEST
Processing  Q:\VCS\IPT\OCX\WSTDDLG\TEST
Processing  Q:\VCS\IPT\OCX\WTSFPV\TEST
Processing  Q:\VCS\IPT\OCX\WTSGB\TEST
Processing  Q:\VCS\IPT\OCX\WTSHELP\TEST
Processing  Q:\VCS\IPT\OCX\WTSKEYPD\TEST
Processing  Q:\VCS\IPT\OCX\WTSNKP\TEST
Processing  Q:\VCS\IPT\OCX\WTSPFRM\TEST
Processing  Q:\VCS\IPT\OCX\WTSRCPT\TEST
Processing  Q:\VCS\IPT\OCX\WTSSBAR\TEST
Processing  Q:\VCS\IPT\OCX\WTSSPAD\TEST
Processing  Q:\VCS\IPT\OCX\WTSTASKB\TEST
Processing  Q:\VCS\IPT\PROG\IPTPROG
Processing  Q:\VCS\IPT\PROG\MACHINECONFIG
Processing  Q:\VCS\IPT\PROG\PORTCONFIG
Processing  Q:\VCS\IPT\SVR\TEST
Processing  Q:\VCS\IPT\SYS\TEST
Processing  Q:\VCS\IPT\TERM\TEST
Processing  Q:\VCS\IPT\UI\TEST
Processing  Q:\VCS\IPT\VIEW\IPTVIEW
Processing  Q:\VCS\IPT\VIEW\MSTRPRJC.PRJ
Processing  Q:\VCS\IPT\VIEW\NBASE.PRJ
Processing  Q:\VCS\IPT\VIEW\TSVIEW
Processing  Q:\VCS\IPT\VIEW\IPTVIEW\IMAGES
Processing  Q:\VCS\MISC\CHKNREVS
Processing  Q:\VCS\MISC\IMAGES
Processing  Q:\VCS\MISC\SAVE
Processing  Q:\VCS\MISC\SKURPT
Processing  Q:\VCS\MISC\VBDEPFILES
Processing  Q:\VCS\MSDV\CPP
Processing  Q:\VCS\MSDV\CPP\OCX
Processing  Q:\VCS\MSDV\CPP\OCX\PUMPCTRL
Processing  Q:\VCS\MSVC\VBWTC
Processing  Q:\VCS\MSVC\VBWTC\RELEASE
Processing  Q:\VCS\NTSECURITY\BIN
Processing  Q:\VCS\NTSECURITY\COMMON
Processing  Q:\VCS\NTSECURITY\DECRYPT
Processing  Q:\VCS\NTSECURITY\GINA
Processing  Q:\VCS\NTSECURITY\PWDGEN
Processing  Q:\VCS\SC\CHS
Processing  Q:\VCS\SC\ECR
Processing  Q:\VCS\SC\FDD
Processing  Q:\VCS\SC\HST
Processing  Q:\VCS\SC\RPT
Processing  Q:\VCS\SC\SYS
 
Q:\VCS\SC\SYS
Q:\VCS\SC\SYS\rykomessagehandler.cppv - NEXT=1.4, latest=1.5
Q:\VCS\SC\SYS\unitecconnection.hv - NEXT=1.0, latest=1.1
Processing  Q:\VCS\SC\TCOM
Processing  Q:\VCS\SC\TERM
Processing  Q:\VCS\SC\UI
Processing  Q:\VCS\SC\UTIL
Processing  Q:\VCS\SC\CHS\TEST
Processing  Q:\VCS\SC\ECR\TEST
Processing  Q:\VCS\SC\FDD\TEST
Processing  Q:\VCS\SC\HST\TEST
Processing  Q:\VCS\SC\SYS\TEST
Processing  Q:\VCS\SC\SYS\TEST\OS2
Processing  Q:\VCS\SC\TCOM\TEST
Processing  Q:\VCS\SC\UTIL\ALTERDB
Processing  Q:\VCS\SC\UTIL\COMPETE
Processing  Q:\VCS\SC\UTIL\DBCONFIGUPGRD
Processing  Q:\VCS\SC\UTIL\TEST
Processing  Q:\VCS\WAYNE.NET\BOSINAX
Processing  Q:\VCS\WAYNE.NET\CONVERSIONUTILS
Processing  Q:\VCS\WAYNE.NET\DEVICEMANAGER
Processing  Q:\VCS\WAYNE.NET\NUCIXMGR
Processing  Q:\VCS\WAYNE.NET\NUCLEUSCOMMON
Processing  Q:\VCS\WAYNE.NET\NUCLEUSUTILITIES
Processing  Q:\VCS\WAYNE.NET\OSWRAP
Processing  Q:\VCS\WAYNE.NET\SYSEVENT
Processing  Q:\VCS\WAYNE.NET\WAYNECOMMON
Processing  Q:\VCS\WAYNE.NET\XMLXPORT
Processing  Q:\VCS\WAYNE.NET\BOSINAX\BOSINAXSOLUTION
Processing  Q:\VCS\WAYNE.NET\BOSINAX\CONFIGFILES
Processing  Q:\VCS\WAYNE.NET\BOSINAX\BOSINAXSOLUTION\BOSINAX
Processing  Q:\VCS\WAYNE.NET\BOSINAX\BOSINAXSOLUTION\MAKECOPY
Processing  Q:\VCS\WAYNE.NET\BOSINAX\BOSINAXSOLUTION\SETWAYNECOMPONENTSBUILDCONFIGURATION
Processing  Q:\VCS\WAYNE.NET\BOSINAX\BOSINAXSOLUTION\BOSINAX\CONFIGFILES
Processing  Q:\VCS\WAYNE.NET\BOSINAX\BOSINAXSOLUTION\BOSINAX\CONFIGFILES\SCHEMA3.3.3
Processing  Q:\VCS\WAYNE.NET\BOSINAX\BOSINAXSOLUTION\BOSINAX\CONFIGFILES\SCHEMA3.3.4
Processing  Q:\VCS\WAYNE.NET\BOSINAX\BOSINAXSOLUTION\BOSINAX\CONFIGFILES\V3.3.3
Processing  Q:\VCS\WAYNE.NET\BOSINAX\BOSINAXSOLUTION\BOSINAX\CONFIGFILES\V3.3.4
Processing  Q:\VCS\WAYNE.NET\DEVICEMANAGER\DEVICEMANAGERSOLUTION
Processing  Q:\VCS\WAYNE.NET\DEVICEMANAGER\DEVICEMANAGERSOLUTION\DEVICEMANAGER
Processing  Q:\VCS\WAYNE.NET\DEVICEMANAGER\DEVICEMANAGERSOLUTION\MAKECOPY
Processing  Q:\VCS\WAYNE.NET\DEVICEMANAGER\DEVICEMANAGERSOLUTION\SETWAYNECOMPONENTSBUILDCONFIGURATION
Processing  Q:\VCS\WAYNE.NET\DEVICEMANAGER\DEVICEMANAGERSOLUTION\TEST
Processing  Q:\VCS\WAYNE.NET\NUCLEUSUTILITIES\NUCLEUSUTILITIESSOLUTION
Processing  Q:\VCS\WAYNE.NET\NUCLEUSUTILITIES\NUCLEUSUTILITIESSOLUTION\MAKECOPY
Processing  Q:\VCS\WAYNE.NET\NUCLEUSUTILITIES\NUCLEUSUTILITIESSOLUTION\NUCLEUSCOMMON
Processing  Q:\VCS\WAYNE.NET\NUCLEUSUTILITIES\NUCLEUSUTILITIESSOLUTION\SETWAYNECOMPONENTSBUILDCONFIGURATION
Processing  Q:\VCS\WAYNE.NET\NUCLEUSUTILITIES\NUCLEUSUTILITIESSOLUTION\SYSEVENT
Processing  Q:\VCS\WAYNE.NET\WAYNECOMMON\DEVICE
Processing  Q:\VCS\WAYNE.NET\WAYNECOMMON\DEVICEMANAGER
Processing  Q:\VCS\WAYNE.NET\WAYNECOMMON\NUCLEUSCOMMON
Processing  Q:\VCS\WAYNE.NET\WAYNECOMMON\RDM
Processing  Q:\VCS\WAYNE.NET\WAYNECOMMON\WIN32WRAPPER
Processing  Q:\VCS\WAYNE.NET\WAYNECOMMON\DEVICE\DEVICESOLUTION
Processing  Q:\VCS\WAYNE.NET\WAYNECOMMON\DEVICE\DEVICESOLUTION\BRDEVICE
Processing  Q:\VCS\WAYNE.NET\WAYNECOMMON\DEVICE\DEVICESOLUTION\CLIENTPROXYTEST
Processing  Q:\VCS\WAYNE.NET\WAYNECOMMON\DEVICE\DEVICESOLUTION\CMNDEVICE
Processing  Q:\VCS\WAYNE.NET\WAYNECOMMON\DEVICE\DEVICESOLUTION\CONFIGCLIENTPROXYTEST
Processing  Q:\VCS\WAYNE.NET\WAYNECOMMON\DEVICE\DEVICESOLUTION\DADEVICE
Processing  Q:\VCS\WAYNE.NET\WAYNECOMMON\DEVICE\DEVICESOLUTION\DEVICEMANAGERTEST
Processing  Q:\VCS\WAYNE.NET\WAYNECOMMON\DEVICE\DEVICESOLUTION\FCDEVICE
Processing  Q:\VCS\WAYNE.NET\WAYNECOMMON\DEVICE\DEVICESOLUTION\MAKECOPY
Processing  Q:\VCS\WAYNE.NET\WAYNECOMMON\DEVICEMANAGER\DEVICEMANAGERSOLUTION
Processing  Q:\VCS\WAYNE.NET\WAYNECOMMON\DEVICEMANAGER\DEVICEMANAGERSOLUTION\COMFCDEVICE
Processing  Q:\VCS\WAYNE.NET\WAYNECOMMON\DEVICEMANAGER\DEVICEMANAGERSOLUTION\DEVICEMANAGER
Processing  Q:\VCS\WAYNE.NET\WAYNECOMMON\DEVICEMANAGER\DEVICEMANAGERSOLUTION\MAKECOPY
Processing  Q:\VCS\WAYNE.NET\WAYNECOMMON\DEVICEMANAGER\DEVICEMANAGERSOLUTION\NUCLEUSCOMMONFULL
Processing  Q:\VCS\WAYNE.NET\WAYNECOMMON\DEVICEMANAGER\DEVICEMANAGERSOLUTION\TEST
Processing  Q:\VCS\WAYNE.NET\WAYNECOMMON\NUCLEUSCOMMON\NUCLEUSCOMMONSOLUTION
Processing  Q:\VCS\WAYNE.NET\WAYNECOMMON\NUCLEUSCOMMON\NUCLEUSCOMMONSOLUTION\BRNUCLEUSCOMMON
Processing  Q:\VCS\WAYNE.NET\WAYNECOMMON\NUCLEUSCOMMON\NUCLEUSCOMMONSOLUTION\CMNNUCLEUSCOMMON
Processing  Q:\VCS\WAYNE.NET\WAYNECOMMON\NUCLEUSCOMMON\NUCLEUSCOMMONSOLUTION\DANUCLEUSCOMMON
Processing  Q:\VCS\WAYNE.NET\WAYNECOMMON\NUCLEUSCOMMON\NUCLEUSCOMMONSOLUTION\DISCOVERYLOCATOR
Processing  Q:\VCS\WAYNE.NET\WAYNECOMMON\NUCLEUSCOMMON\NUCLEUSCOMMONSOLUTION\DISCOVERYPUBLISHER
Processing  Q:\VCS\WAYNE.NET\WAYNECOMMON\NUCLEUSCOMMON\NUCLEUSCOMMONSOLUTION\FCNUCLEUSCOMMON
Processing  Q:\VCS\WAYNE.NET\WAYNECOMMON\NUCLEUSCOMMON\NUCLEUSCOMMONSOLUTION\MAKECOPY
Processing  Q:\VCS\WAYNE.NET\WAYNECOMMON\NUCLEUSCOMMON\NUCLEUSCOMMONSOLUTION\MESSAGEROUTERCLIENT
Processing  Q:\VCS\WAYNE.NET\WAYNECOMMON\NUCLEUSCOMMON\NUCLEUSCOMMONSOLUTION\MESSAGEROUTERSERVER
Processing  Q:\VCS\WAYNE.NET\WAYNECOMMON\NUCLEUSCOMMON\NUCLEUSCOMMONSOLUTION\SERIALPORTTEST
Processing  Q:\VCS\WAYNE.NET\WAYNECOMMON\NUCLEUSCOMMON\NUCLEUSCOMMONSOLUTION\TCPPORTTEST
Processing  Q:\VCS\WAYNE.NET\WAYNECOMMON\NUCLEUSCOMMON\NUCLEUSCOMMONSOLUTION\TCPSERVERTEST
Processing  Q:\VCS\WAYNE.NET\WAYNECOMMON\RDM\RDMSOLUTION
Processing  Q:\VCS\WAYNE.NET\WAYNECOMMON\RDM\RDMSOLUTION\BRRDM
Processing  Q:\VCS\WAYNE.NET\WAYNECOMMON\RDM\RDMSOLUTION\CMNRDM
Processing  Q:\VCS\WAYNE.NET\WAYNECOMMON\RDM\RDMSOLUTION\DARDM
Processing  Q:\VCS\WAYNE.NET\WAYNECOMMON\RDM\RDMSOLUTION\DDSSIMULATOR
Processing  Q:\VCS\WAYNE.NET\WAYNECOMMON\RDM\RDMSOLUTION\FCRDM
Processing  Q:\VCS\WAYNE.NET\WAYNECOMMON\RDM\RDMSOLUTION\MAKECOPY
Processing  Q:\VCS\WAYNE.NET\WAYNECOMMON\RDM\RDMSOLUTION\RDMCLIENTSIMULATOR
Processing  Q:\VCS\WAYNE.NET\WAYNECOMMON\RDM\RDMSOLUTION\RDMCOMMSIMULATOR
Processing  Q:\VCS\WAYNE.NET\WAYNECOMMON\WIN32WRAPPER\WIN32WRAPPERSOLUTION
Processing  Q:\VCS\WAYNE.NET\WAYNECOMMON\WIN32WRAPPER\WIN32WRAPPERSOLUTION\MAKECOPY
Processing  Q:\VCS\WAYNE.NET\WAYNECOMMON\WIN32WRAPPER\WIN32WRAPPERSOLUTION\WIN32WRAPPER
NOTTIP complete.
