ENVIRONMENTNAME	ENVISACTIVE	CREATIONTIME	MODIFIEDTIME
Formal Problem Tracking Model	T	04/24/1995;16:41:47
04/24/1995;16:41:47	06/15/1998;16:59:05
06/15/1998;16:59:05
Release Model	T	04/25/1995;09:41:42
04/25/1995;09:41:42	08/17/1998;17:17:54
08/17/1998;17:17:54
Parallel Development Model	T	04/25/1995;15:26:40
04/25/1995;15:26:40	08/17/1998;17:21:21
08/17/1998;17:21:21
Production Model	T	02/26/1996;12:04:49
02/26/1996;12:04:49	06/16/1998;11:41:56
06/16/1998;11:41:56
Version Control Model	T	02/26/1996;18:32:54
02/26/1996;18:32:54	12/18/1997;17:14:15
12/18/1997;17:14:15
Third Party Tool Model	T	02/26/1996;17:57:44
02/26/1996;17:57:44	04/21/1997;16:34:40
04/21/1997;16:34:40
Package Application Change Management Model	T	12/18/1997;13:16:45
12/18/1997;13:16:45	06/16/1998;15:36:52
06/16/1998;15:36:52
HelpDesk Integration Model	T	12/18/1997;16:08:58
12/18/1997;16:08:58	08/28/1998;12:12:26
08/28/1998;12:12:26
New Development Model	T	02/26/1996;17:12:31
02/26/1996;17:12:31	06/15/1998;16:59:24
06/15/1998;16:59:24
ESD Change Control Model	T	12/16/1997;18:13:45
12/16/1997;18:13:45	06/16/1998;15:31:38
06/16/1998;15:31:38
	Y	04/24/1995;09:33:15
04/24/1995;09:33:15	04/24/1995;09:33:15
04/24/1995;09:33:15
Standard Problem Tracking	T	02/26/1996;18:06:17
02/26/1996;18:06:17	04/21/1997;16:33:59
04/21/1997;16:33:59
Hyperion1	T	08/17/2004;12:51:35
08/17/2004;12:51:35	08/17/2004;12:51:35
08/17/2004;12:51:35
RETEK RMS PROD Train	Y	09/07/2004;10:03:35
09/07/2004;10:03:35	11/03/2004;08:29:03
11/03/2004;08:29:03
RETEK RMS PROD TEST(0)	T	10/28/2004;09:20:59
10/28/2004;09:20:59	10/28/2004;09:31:18
10/28/2004;09:31:18
RETEK RMS DEV	Y	10/28/2004;09:22:46
10/28/2004;09:22:46	10/29/2004;12:35:35
10/29/2004;12:35:35
RETEK RMS DEV Train	Y	08/18/2004;08:56:00
08/18/2004;08:56:00	11/03/2004;08:28:48
11/03/2004;08:28:48
RETEK CONVERSION	Y	08/19/2004;08:26:20
08/19/2004;08:26:20	10/21/2004;07:42:40
10/21/2004;07:42:40
HYPERION	Y	08/17/2004;11:49:54
08/17/2004;11:49:54	10/14/2004;09:07:12
10/14/2004;09:07:12
RETEK RMS RETROFIT	N	10/19/2004;13:54:51
10/19/2004;13:54:51	10/20/2004;08:51:02
10/20/2004;08:51:02
RETEK RPM DEV	Y	10/25/2004;09:48:04
10/25/2004;09:48:04	10/25/2004;09:50:14
10/25/2004;09:50:14
RETEK ARI PROD	Y	10/25/2004;09:41:18
10/25/2004;09:41:18	10/25/2004;09:42:58
10/25/2004;09:42:58
RETEK RPM PROD	Y	10/25/2004;09:50:25
10/25/2004;09:50:25	10/25/2004;09:52:15
10/25/2004;09:52:15
RETEK RMS DEV TEST(0)	T	10/28/2004;09:18:44
10/28/2004;09:18:44	10/28/2004;09:25:23
10/28/2004;09:25:23
RETEK ARI DEV	Y	10/25/2004;09:38:54
10/25/2004;09:38:54	10/25/2004;12:02:03
10/25/2004;12:02:03
RETEK RIB DEV	Y	10/25/2004;09:43:21
10/25/2004;09:43:21	10/25/2004;09:45:36
10/25/2004;09:45:36
RETEK RIB PROD	Y	10/25/2004;09:46:13
10/25/2004;09:46:13	10/25/2004;09:47:33
10/25/2004;09:47:33
RETEK RMS PROD	Y	10/28/2004;09:28:41
10/28/2004;09:28:41	10/29/2004;12:35:50
10/29/2004;12:35:50
Advanced Admin Project - instructor	Y	11/08/2004;16:12:26
11/08/2004;16:12:26	11/09/2004;11:02:44
11/09/2004;11:02:44
Final Skill Builder	N	11/08/2004;16:12:50
11/08/2004;16:12:50	11/08/2004;16:12:50
11/08/2004;16:12:50
Advanced Admin Project - Admin04	Y	11/09/2004;08:58:00
11/09/2004;08:58:00	11/09/2004;09:57:09
11/09/2004;09:57:09
Advanced Admin Project - admin06	Y	11/09/2004;08:58:01
11/09/2004;08:58:01	11/09/2004;09:57:49
11/09/2004;09:57:49
Advanced Admin Project-DRS	Y	11/09/2004;08:58:12
11/09/2004;08:58:12	11/09/2004;10:06:54
11/09/2004;10:06:54
Advanced Admin Project - admin03	Y	11/09/2004;08:58:12
11/09/2004;08:58:12	11/09/2004;09:56:59
11/09/2004;09:56:59
Advanced Admin Project - Admin01	Y	11/09/2004;09:05:14
11/09/2004;09:05:14	11/09/2004;10:06:56
11/09/2004;10:06:56
advance admin project - admin02	N	11/09/2004;09:05:15
11/09/2004;09:05:15	11/09/2004;09:05:15
11/09/2004;09:05:15
Advance admin Project - admin07	Y	11/09/2004;10:13:37
11/09/2004;10:13:37	11/09/2004;11:44:08
11/09/2004;11:44:08
RBC Application Template	T	11/08/2004;08:05:33
11/08/2004;08:05:33	11/08/2004;08:05:33
11/08/2004;08:05:33
