Connected.
Database closed.
Database dismounted.
ORACLE instance shut down.
Connected to an idle instance.
ORACLE instance started.
Total System Global Area  171966464 bytes
Fixed Size		     787988 bytes
Variable Size		  144964076 bytes
Database Buffers	   25165824 bytes
Redo Buffers		    1048576 bytes
Database mounted.
Database opened.
utl_recomp_begin: 02:29:11
utl_recomp_end: 02:29:38
C:\SCM_TABLES\SCMUSER\CONTROL01.CTL
C:\SCM_TABLES\SCMUSER\CONTROL02.CTL
C:\SCM_TABLES\SCMUSER\CONTROL03.CTL
C:\SCM_TABLES\SCMUSER\REDO01.LOG
C:\SCM_TABLES\SCMUSER\REDO02.LOG
C:\SCM_TABLES\SCMUSER\REDO03.LOG
C:\SCM_TABLES\SCMUSER\SYSAUX01.DBF
C:\SCM_TABLES\SCMUSER\SYSTEM01.DBF
C:\SCM_TABLES\SCMUSER\TEMP01.DBF
C:\SCM_TABLES\SCMUSER\UNDOTBS01.DBF
C:\SCM_TABLES\SCMUSER\USERS01.DBF
Connected.
SYSTEM
SYS
OUTLN
WKSYS
OLAPSYS
SI_INFORMTN_SCHEMA
ORDPLUGINS
WKPROXY
XDB
WMSYS
DMSYS
EXFSYS
ANONYMOUS
CTXSYS
ORDSYS
MDSYS
WK_TEST
SCOTT
DIP
MDDATA
EXPIRED & LOCKED
EXPIRED & LOCKED
EXPIRED & LOCKED
EXPIRED & LOCKED
EXPIRED & LOCKED
EXPIRED & LOCKED
EXPIRED & LOCKED
EXPIRED & LOCKED
EXPIRED & LOCKED
EXPIRED & LOCKED
EXPIRED & LOCKED
EXPIRED & LOCKED
EXPIRED & LOCKED
EXPIRED & LOCKED
EXPIRED & LOCKED
EXPIRED & LOCKED
EXPIRED & LOCKED
EXPIRED & LOCKED
OPEN
OPEN
