SQL> select index_name from all_indexes where table_owner='HRVSTUSER' order by index_name;
HARACP_CHILDVERSION                                                             
HARACP_ITEMVERSION                                                              
HARACTION_PK                                                                    
HARACTION_RTID_IND                                                              
HARALLCHILDRENPATH_CHILDITEM                                                    
HARALLCHILDRENPATH_CHILDV_IDX                                                   
HARALLCHILDRENPATH_ITEMCHILD                                                    
HARALLCHILDRENPATH_PK                                                           
HARALLCHILDRENPATH_VERID_IDX                                                    
HARALLUSERS_OBJIDNAME                                                           
HARALLUSERS_PK                                                                  
HARAPPOVE_SPID_FK                                                               
HARAPPRHIST_IND                                                                 
HARAPPROVEHIST_PK                                                               
HARAPPROVELIST_IND                                                              
HARAPPROVELIST_SPID_FK                                                          
HARAPPROVELIST_STGRP                                                            
HARAPPROVELIST_USRGRP_FK                                                        
HARAPPROVELIST_USRID_FK                                                         
HARAPPROVE_PK                                                                   
HARASSOCPKG_IND2                                                                
HARASSOCPKG_PK                                                                  
HARAUDITEVENTDESCRIPTION_PK                                                     
HARAUDITEVENTRESOURCEL1_PK                                                      
HARAUDITEVENTRESOURCEL2_PK                                                      
HARAUDITEVENTRESOURCEL3_PK                                                      
HARAUDITEVENTRESOURCEL4_PK                                                      
HARAUDITEVENTRSRCL1_RESID_IND                                                   
HARAUDITEVENTRSRCL1_RTID_IND                                                    
HARAUDITEVENTRSRCL2_RESID_IND                                                   
HARAUDITEVENTRSRCL2_RTID_IND                                                    
HARAUDITEVENTRSRCL3_RESID_IND                                                   
HARAUDITEVENTRSRCL3_RTID_IND                                                    
HARAUDITEVENTRSRCL4_RESID_IND                                                   
HARAUDITEVENTRSRCL4_RTID_IND                                                    
HARAUDITEVENT_ACTID_IND                                                         
HARAUDITEVENT_EVTID_IND                                                         
HARAUDITEVENT_PK                                                                
HARAUDITEVENT_RESID_IND                                                         
HARAUDITEVENT_RTID_IND                                                          
HARBRANCH_ISMERGED                                                              
HARBRANCH_ITEMID_FK                                                             
HARBRANCH_PK                                                                    
HARBRANCH_PKG                                                                   
HARCHECKINPROC_PK                                                               
HARCHECKINPROC_SPID_FK                                                          
HARCHECKOUTPROC_SPID_FK                                                         
HARCONMRGPROC_SPID_FK                                                           
HARCRPKGPROC_SPID_FK                                                            
HARCRSENVMRGPROC_SPID_FK                                                        
HARDELPKGPROC_PK                                                                
HARDELVERSPROC_SPID_FK                                                          
HARDEMOTEPROC_SPID_FK                                                           
HARENVACCESS_PK                                                                 
HARENVACCESS_USRGRPID_FK                                                        
HARENVIRONMENT_ACTIVE_IND                                                       
HARENVIRONMENT_ARCHIVE_IND                                                      
HARENVIRONMENT_BASELINE_IND                                                     
HARENVIRONMENT_IND                                                              
HARENVIRONMENT_PK                                                               
HAREXECUTABLEACTION_PK                                                          
HAREXTERNASSOC_PK                                                               
HAREXTERNASSOC_PKG_FK                                                           
HAREXTERNASSOC_USR_FK                                                           
HARFILEEXTENSION_PK                                                             
HARFORMATTACHMENT_IND                                                           
HARFORMATTACHMENT_IND2                                                          
HARFORMATTACHMENT_PK                                                            
HARFORMHIST_IND                                                                 
HARFORMTEMPLATES_PK                                                             
HARFORMTYPEACCESS_PK                                                            
HARFORMTYPEACCESS_USRGRPID_FK                                                   
HARFORMTYPEDEFS_ALT                                                             
HARFORMTYPEDEFS_IND                                                             
HARFORMTYPE_TABLENAME_IND                                                       
HARFORMTYPE_TYPENAME_IND                                                        
HARFORM_FTID_FK                                                                 
HARFORM_IND                                                                     
HARFORM_PK                                                                      
HARGLOBALAUDITPOLICY_ACTID_IND                                                  
HARGLOBALAUDITPOLICY_ENABLED                                                    
HARGLOBALAUDITPOLICY_PK                                                         
HARHARVEST_PK                                                                   
HARINTMRGPROC_SPID_FK                                                           
HARITEMACCESS_IND1                                                              
HARITEMACCESS_PK                                                                
HARITEMACCESS_VIEW                                                              
HARITEMNAME_ITEMNAME                                                            
HARITEMNAME_ITEMNAMEUPPER                                                       
HARITEMNAME_OBJIDNAME                                                           
HARITEMNAME_PK                                                                  
HARITEMRELATIONSHIP_PK                                                          
HARITEMRELATIONSHIP_REFITM_IDX                                                  
HARITEMREL_VERID_FK                                                             
HARITEMS_IND_TYPE                                                               
HARITEMS_ITEMNAME                                                               
HARITEMS_ITEMNAMEUPPER                                                          
HARITEMS_PARENTTYPE                                                             
HARITEMS_PID_FK                                                                 
HARITEMS_PK                                                                     
HARITEMS_REPOSITOBJID                                                           
HARITEMS_UPPER                                                                  
HARLINKEDPROCESS_IND                                                            
HARLINKEDPROCESS_PARENT                                                         
HARLINKEDPROCESS_POBJID                                                         
HARLINKEDPROCESS_STATEOBJID                                                     
HARLISTDIFFPROC_SPID_FK                                                         
HARLISTVERSPROC_SPID_FK                                                         
HARMOVEITEMPROC_PK                                                              
HARMOVEPATHPROC_PK                                                              
HARMOVEPKGPROC_SPID_FK                                                          
HARMR_PK                                                                        
HARNOTIFYLIST_IND                                                               
HARNOTIFYLIST_PARENTPROCOBJID                                                   
HARNOTIFYLIST_PPID_FK                                                           
HARNOTIFYLIST_SPID_FK                                                           
HARNOTIFYLIST_USRGRPID_FK                                                       
HARNOTIFYLIST_USRID_FK                                                          
HARNOTIFY_PPID_FK                                                               
HARNOTIFY_SPID_FK                                                               
HAROBJECTSEQUENCEID_PK                                                          
HARPACKAGEGROUP_PK                                                              
HARPACKAGENAMEGEN_PK                                                            
HARPACKAGESTATUS_C_IDX                                                          
HARPACKAGESTATUS_PK                                                             
HARPACKAGESTATUS_S_IDX                                                          
HARPACKAGE_AID_FK                                                               
HARPACKAGE_IND                                                                  
HARPACKAGE_IND_ENV                                                              
HARPASSWORDHISTORY_PK                                                           
HARPASSWORDPOLICY_MODID_FK                                                      
HARPATHFULLNAME_PATH                                                            
HARPATHFULLNAME_PK                                                              
HARPATHFULLNAME_PUPPER                                                          
HARPEERATTACHMENT_REVIEWID_IND                                                  
HARPEERCMNTATTCHMNT_CMNTID_IND                                                  
HARPEERCOMMENT_RVWCMNTVER_IND                                                   
HARPEERCOMMENT_RVWIDCRTRID_IND                                                  
HARPEERDATA_CMNTIDCRTRID_IND                                                    
HARPEERREVIEWCOMMENT_PK                                                         
HARPEERREVIEWER_RVWCRTR_IND                                                     
HARPEERREVIEW_PK                                                                
HARPEERREVIEW_RVWRIDCRTRID_IND                                                  
HARPKGGRP_IND                                                                   
HARPKGHISTORY_ACTION_IND                                                        
HARPKGHIST_IND                                                                  
HARPKGSINCMEW_FK                                                                
HARPKGSINCMEW_PK                                                                
HARPKGSINPKGGRP_IND                                                             
HARPROMOTEPROC_SPID_FK                                                          
HARREMITEMPROC_SPID_FK                                                          
HARREMOVEPATHPROC_PK                                                            
HARRENAMEITEMPROC_PK                                                            
HARRENAMEITEMPROC_SPID_FK                                                       
HARRENAMEPATHPROC_PK                                                            
HARREPACCESS_PK                                                                 
HARREPACCESS_USRGRP_FK                                                          
HARREPINVIEW_PK                                                                 
HARREPINVIEW_REPOSITOBJID                                                       
HARREPOSITORY_IND                                                               
HARREPOSITORY_PK                                                                
HARRESOURCETYPECHILD_PK                                                         
HARRESOURCETYPEDESCENDANT_PK                                                    
HARRESOURCETYPE_PK                                                              
HARSNAPVIEWPROC_SPID_FK                                                         
HARSTATEACCESS_PK                                                               
HARSTATEACCESS_USRGRPID_FK                                                      
HARSTATEPROCACCESS_USRGRP_FK                                                    
HARSTATEPROCESSACCESS_PK                                                        
HARSTATEPROCESSACCESS_PUE                                                       
HARSTATEPROCESS_PK                                                              
HARSTATEPROC_IND                                                                
HARSTATEPROC_POBJID                                                             
HARSTATE_ENVOBJID                                                               
HARSTATE_IND                                                                    
HARSTATE_LIST                                                                   
HARSTATE_VIEWID_FK                                                              
HARSWITCHPKGPROC_PK                                                             
HARSWITCHPKGPROC_SPID_FK                                                        
HARUDP_PARENTPROCOBJID                                                          
HARUDP_PPID_FK                                                                  
HARUDP_PSOBJID                                                                  
HARUDP_PSTATEOBJID                                                              
HARUDP_SPID_FK                                                                  
HARUSDCOMPUTERNAMES_NAME_IND                                                    
HARUSDDEPLOYINFO_ATTACH_IND                                                     
HARUSDDEPLOYINFO_FRM_IND                                                        
HARUSDDEPLOYINFO_PKG_IND                                                        
HARUSDGROUPNAMES_NAME_IND                                                       
HARUSDPACKAGEINFO_FRM_IND                                                       
HARUSDPACKAGENAMES_NAME_IND                                                     
HARUSDPLATFORMINFO_FRM_IND                                                      
HARUSERDATA_PK                                                                  
HARUSERGROUP_IND                                                                
HARUSERSINGROUP_BASELINE_IND                                                    
HARUSER_IND                                                                     
HARUSER_PK                                                                      
HARUSRINGRP_USRGRPID_FK                                                         
HARVERSIONDATA_ITMID2_FK                                                        
HARVERSIONDATA_ITMID_FK                                                         
HARVERSIONDATA_PK                                                               
HARVERSIONDELTA_PARENT                                                          
HARVERSIONDELTA_PK                                                              
HARVERSIONINVIEW_PK                                                             
HARVERSIONS_DATA                                                                
HARVERSIONS_INBRTYPSTAT                                                         
HARVERSIONS_ITEMMAPPED                                                          
HARVERSIONS_ITEMOBJID                                                           
HARVERSIONS_ITEM_IND                                                            
HARVERSIONS_MERGED_IDX                                                          
HARVERSIONS_NAMEITEM                                                            
HARVERSIONS_PAR_IND                                                             
HARVERSIONS_PATHVER_IND                                                         
HARVERSIONS_PK                                                                  
HARVERSIONS_PKG_IND                                                             
HARVERSIONS_REFACTORBY                                                          
HARVERSIONS_STATUS                                                              
HARVERSIONS_VC                                                                  
HARVERSIONS_VERITEM                                                             
HARVERSIONS_VSTATUS                                                             
HARVERSIONTEMP_IND1                                                             
HARVERSIONTRACKING_FK_IND                                                       
HARVERSION_NAMEIDPATHID_IDX                                                     
HARVERSION_PKGBRANCHSTAT                                                        
HARVIEW_ENVID_FK                                                                
HARVIEW_ENV_IND                                                                 
HARVIEW_NAME_IND                                                                
HARVIEW_OBJIDNAME                                                               
HARVIEW_PK                                                                      
HARVIEW_VIEWTYPE                                                                
HARVIV_VERS_IND                                                                 
HONDEMANDCR_PK                                                                  
RECUPD_CFG_FKEY                                                                 
RECUPD_SYNC_FKEY                                                                
SITE_FKEY                                                                       
SNDUPD_CFG_FKEY                                                                 
SYNC_CFG_FKEY                                                                   
SYS_C0024138                                                                    
SYS_C004435                                                                     
SYS_C004487                                                                     
SYS_C004488                                                                     
SYS_C004496                                                                     
SYS_C004498                                                                     
SYS_C004508                                                                     
SYS_C004517                                                                     
SYS_C004518                                                                     
SYS_C004525                                                                     
SYS_C004537                                                                     
SYS_C004556                                                                     
SYS_C004588                                                                     
SYS_C004599                                                                     
SYS_C004618                                                                     
SYS_C004645                                                                     
SYS_C004652                                                                     
SYS_C004659                                                                     
SYS_C004669                                                                     
SYS_C004680                                                                     
SYS_C004686                                                                     
SYS_C004700                                                                     
SYS_C004741                                                                     
SYS_C004743                                                                     
SYS_C004744                                                                     
SYS_C004757                                                                     
SYS_C004758                                                                     
SYS_C004765                                                                     
SYS_C004798                                                                     
SYS_C004806                                                                     
SYS_C004819                                                                     
SYS_C004846                                                                     
SYS_C004849                                                                     
SYS_C004850                                                                     
SYS_C004856                                                                     
SYS_C004866                                                                     
SYS_C004876                                                                     
SYS_C004887                                                                     
SYS_C005032                                                                     
SYS_C008067                                                                     

277 rows selected.

SQL> spool off
